c:\users\ame\source\repos\projektsemestr4\projektsemestr4\debug\vc141.pdb
c:\users\ame\source\repos\projektsemestr4\projektsemestr4\debug\vc141.idb
c:\users\ame\source\repos\projektsemestr4\projektsemestr4\debug\projektsemestr4.obj
c:\users\ame\source\repos\projektsemestr4\projektsemestr4\debug\program.obj
c:\users\ame\source\repos\projektsemestr4\projektsemestr4\debug\menu.obj
c:\users\ame\source\repos\projektsemestr4\projektsemestr4\debug\stocklist.obj
c:\users\ame\source\repos\projektsemestr4\projektsemestr4\debug\stock.obj
c:\users\ame\source\repos\projektsemestr4\projektsemestr4\debug\shop.obj
c:\users\ame\source\repos\projektsemestr4\projektsemestr4\debug\phoenixfeather.obj
c:\users\ame\source\repos\projektsemestr4\projektsemestr4\debug\phoenix.obj
c:\users\ame\source\repos\projektsemestr4\projektsemestr4\debug\peryton.obj
c:\users\ame\source\repos\projektsemestr4\projektsemestr4\debug\game.obj
c:\users\ame\source\repos\projektsemestr4\projektsemestr4\debug\dragonscaleforge.obj
c:\users\ame\source\repos\projektsemestr4\projektsemestr4\debug\dragonscale.obj
c:\users\ame\source\repos\projektsemestr4\projektsemestr4\debug\dragon.obj
c:\users\ame\source\repos\projektsemestr4\projektsemestr4\debug\buildinglist.obj
c:\users\ame\source\repos\projektsemestr4\projektsemestr4\debug\building.obj
c:\users\ame\source\repos\projektsemestr4\projektsemestr4\debug\bar.obj
c:\users\ame\source\repos\projektsemestr4\projektsemestr4\debug\animal.obj
c:\users\ame\source\repos\projektsemestr4\projektsemestr4\debug\animalist.obj
c:\users\ame\source\repos\projektsemestr4\debug\projektsemestr4.exe
c:\users\ame\source\repos\projektsemestr4\debug\projektsemestr4.ilk
c:\users\ame\source\repos\projektsemestr4\debug\projektsemestr4.pdb
c:\users\ame\source\repos\projektsemestr4\projektsemestr4\debug\projektsemestr4.tlog\cl.command.1.tlog
c:\users\ame\source\repos\projektsemestr4\projektsemestr4\debug\projektsemestr4.tlog\cl.read.1.tlog
c:\users\ame\source\repos\projektsemestr4\projektsemestr4\debug\projektsemestr4.tlog\cl.write.1.tlog
c:\users\ame\source\repos\projektsemestr4\projektsemestr4\debug\projektsemestr4.tlog\link.command.1.tlog
c:\users\ame\source\repos\projektsemestr4\projektsemestr4\debug\projektsemestr4.tlog\link.read.1.tlog
c:\users\ame\source\repos\projektsemestr4\projektsemestr4\debug\projektsemestr4.tlog\link.write.1.tlog
